Unity Editor version:    2021.3.15f1 (e8e88683f834)
Branch:                  2021.3/staging
Build type:              Release
Batch mode:              YES
macOS version:           Version 13.0.1 (Build 22A400)
Darwin version:          22.1.0
Architecture:            arm64
Running under Rosetta:   NO
Available memory:        8192 MB
Using pre-set license
Pro License: YES

COMMAND LINE ARGUMENTS:
/Applications/Unity/Hub/Editor/2021.3.15f1/Unity.app/Contents/MacOS/Unity
-adb2
-batchMode
-noUpm
-name
AssetImportWorker1
-projectPath
/Users/nepthys00/Desktop/UniYear3/TERM2/Digital Media Campaign/DMC-Game-Repo
-logFile
Logs/AssetImportWorker1.log
-srvPort
62774
Successfully changed project path to: /Users/nepthys00/Desktop/UniYear3/TERM2/Digital Media Campaign/DMC-Game-Repo
/Users/nepthys00/Desktop/UniYear3/TERM2/Digital Media Campaign/DMC-Game-Repo
[UnityMemory] Configuration Parameters - Can be set up in boot.config
    "memorysetup-bucket-allocator-granularity=16"
    "memorysetup-bucket-allocator-bucket-count=8"
    "memorysetup-bucket-allocator-block-size=33554432"
    "memorysetup-bucket-allocator-block-count=8"
    "memorysetup-main-allocator-block-size=16777216"
    "memorysetup-thread-allocator-block-size=16777216"
    "memorysetup-gfx-main-allocator-block-size=16777216"
    "memorysetup-gfx-thread-allocator-block-size=16777216"
    "memorysetup-cache-allocator-block-size=4194304"
    "memorysetup-typetree-allocator-block-size=2097152"
    "memorysetup-profiler-bucket-allocator-granularity=16"
    "memorysetup-profiler-bucket-allocator-bucket-count=8"
    "memorysetup-profiler-bucket-allocator-block-size=33554432"
    "memorysetup-profiler-bucket-allocator-block-count=8"
    "memorysetup-profiler-allocator-block-size=16777216"
    "memorysetup-profiler-editor-allocator-block-size=1048576"
    "memorysetup-temp-allocator-size-main=16777216"
    "memorysetup-job-temp-allocator-block-size=2097152"
    "memorysetup-job-temp-allocator-block-size-background=1048576"
    "memorysetup-job-temp-allocator-reduction-small-platforms=262144"
    "memorysetup-temp-allocator-size-background-worker=32768"
    "memorysetup-temp-allocator-size-job-worker=262144"
    "memorysetup-temp-allocator-size-preload-manager=33554432"
    "memorysetup-temp-allocator-size-nav-mesh-worker=65536"
    "memorysetup-temp-allocator-size-audio-worker=65536"
    "memorysetup-temp-allocator-size-cloud-worker=32768"
    "memorysetup-temp-allocator-size-gi-baking-worker=262144"
    "memorysetup-temp-allocator-size-gfx=262144"
Player connection [8580195584] Host "[IP] 172.20.50.205 [Port] 0 [Flags] 2 [Guid] 4235627129 [EditorId] 4235627129 [Version] 1048832 [Id] OSXEditor(0,Roses-MacBook-Pro.local) [Debug] 1 [PackageName] OSXEditor [ProjectName] Editor" joined multi-casting on [225.0.0.222:54997]...

Player connection [8580195584] Host "[IP] 172.20.50.205 [Port] 0 [Flags] 2 [Guid] 4235627129 [EditorId] 4235627129 [Version] 1048832 [Id] OSXEditor(0,Roses-MacBook-Pro.local) [Debug] 1 [PackageName] OSXEditor [ProjectName] Editor" joined alternative multi-casting on [225.0.0.222:34997]...

Refreshing native plugins compatible for Editor in 21.38 ms, found 2 plugins.
Preloading 0 native plugins for Editor in 0.00 ms.
Initialize engine version: 2021.3.15f1 (e8e88683f834)
[Subsystems] Discovering subsystems at path /Applications/Unity/Hub/Editor/2021.3.15f1/Unity.app/Contents/Resources/UnitySubsystems
[Subsystems] Discovering subsystems at path /Users/nepthys00/Desktop/UniYear3/TERM2/Digital Media Campaign/DMC-Game-Repo/Assets
GfxDevice: creating device client; threaded=0; jobified=0
 preferred device: Apple M1 (high power)
Metal devices available: 1
0: Apple M1 (high power)
Using device Apple M1 (high power)
Initializing Metal device caps: Apple M1
Initialize mono
Mono path[0] = '/Applications/Unity/Hub/Editor/2021.3.15f1/Unity.app/Contents/Managed'
Mono path[1] = '/Applications/Unity/Hub/Editor/2021.3.15f1/Unity.app/Contents/MonoBleedingEdge/lib/mono/unityjit-macos'
Mono config path = '/Applications/Unity/Hub/Editor/2021.3.15f1/Unity.app/Contents/MonoBleedingEdge/etc'
Using monoOptions --debugger-agent=transport=dt_socket,embedding=1,server=y,suspend=n,address=127.0.0.1:56652
Begin MonoManager ReloadAssembly
Registering precompiled unity dll's ...
Register platform support module: /Applications/Unity/Hub/Editor/2021.3.15f1/Unity.app/Contents/PlaybackEngines/MacStandaloneSupport/UnityEditor.OSXStandalone.Extensions.dll
Registered in 0.002587 seconds.
Native extension for OSXStandalone target not found
Refreshing native plugins compatible for Editor in 21.09 ms, found 2 plugins.
Preloading 0 native plugins for Editor in 0.00 ms.
Mono: successfully reloaded assembly
- Completed reload, in  0.333 seconds
Domain Reload Profiling:
	ReloadAssembly (333ms)
		BeginReloadAssembly (49ms)
			ExecutionOrderSort (0ms)
			DisableScriptedObjects (0ms)
			BackupInstance (0ms)
			ReleaseScriptingObjects (0ms)
			CreateAndSetChildDomain (0ms)
		EndReloadAssembly (220ms)
			LoadAssemblies (49ms)
			RebuildTransferFunctionScriptingTraits (0ms)
			SetupTypeCache (65ms)
			ReleaseScriptCaches (0ms)
			RebuildScriptCaches (17ms)
			SetupLoadedEditorAssemblies (112ms)
				LogAssemblyErrors (0ms)
				InitializePlatformSupportModulesInManaged (3ms)
				SetLoadedEditorAssemblies (0ms)
				RefreshPlugins (21ms)
				BeforeProcessingInitializeOnLoad (1ms)
				ProcessInitializeOnLoadAttributes (65ms)
				ProcessInitializeOnLoadMethodAttributes (22ms)
				AfterProcessingInitializeOnLoad (0ms)
				EditorAssembliesLoaded (0ms)
			ExecutionOrderSort2 (0ms)
			AwakeInstancesAfterBackupRestoration (0ms)
Platform modules already initialized, skipping
Registering precompiled user dll's ...
Registered in 0.001263 seconds.
Begin MonoManager ReloadAssembly
Native extension for OSXStandalone target not found
Refreshing native plugins compatible for Editor in 0.18 ms, found 2 plugins.
Preloading 0 native plugins for Editor in 0.00 ms.
Mono: successfully reloaded assembly
- Completed reload, in  0.467 seconds
Domain Reload Profiling:
	ReloadAssembly (467ms)
		BeginReloadAssembly (51ms)
			ExecutionOrderSort (0ms)
			DisableScriptedObjects (3ms)
			BackupInstance (0ms)
			ReleaseScriptingObjects (0ms)
			CreateAndSetChildDomain (14ms)
		EndReloadAssembly (349ms)
			LoadAssemblies (38ms)
			RebuildTransferFunctionScriptingTraits (0ms)
			SetupTypeCache (110ms)
			ReleaseScriptCaches (0ms)
			RebuildScriptCaches (26ms)
			SetupLoadedEditorAssemblies (151ms)
				LogAssemblyErrors (0ms)
				InitializePlatformSupportModulesInManaged (2ms)
				SetLoadedEditorAssemblies (0ms)
				RefreshPlugins (0ms)
				BeforeProcessingInitializeOnLoad (27ms)
				ProcessInitializeOnLoadAttributes (106ms)
				ProcessInitializeOnLoadMethodAttributes (14ms)
				AfterProcessingInitializeOnLoad (1ms)
				EditorAssembliesLoaded (0ms)
			ExecutionOrderSort2 (0ms)
			AwakeInstancesAfterBackupRestoration (2ms)
Platform modules already initialized, skipping
========================================================================
Worker process is ready to serve import requests
Launching external process: /Applications/Unity/Hub/Editor/2021.3.15f1/Unity.app/Contents/Tools/UnityShaderCompiler
Launched and connected shader compiler UnityShaderCompiler after 0.05 seconds
Refreshing native plugins compatible for Editor in 0.20 ms, found 2 plugins.
Preloading 0 native plugins for Editor in 0.00 ms.
Unloading 1684 Unused Serialized files (Serialized files now loaded: 0)
Unloading 19 unused Assets / (32.1 KB). Loaded Objects now: 2150.
Memory consumption went from 68.1 MB to 68.0 MB.
Total: 2.307542 ms (FindLiveObjects: 0.077375 ms CreateObjectMapping: 0.021375 ms MarkObjects: 2.160333 ms  DeleteObjects: 0.047708 ms)

AssetImportParameters requested are different than current active one (requested -> active):
  custom:video-decoder-ogg-theora: a1e56fd34408186e4bbccfd4996cb3dc -> 
  custom:container-muxer-webm: aa71ff27fc2769a1b78a27578f13a17b -> 
  custom:container-demuxer-webm: 4f35f7cbe854078d1ac9338744f61a02 -> 
  custom:video-encoder-webm-vp8: eb34c28f22e8b96e1ab97ce403110664 -> 
  custom:framework-osx-AVFoundation: e770b220cccbd017edd2c1fefb359320 -> 
  custom:audio-encoder-webm-vorbis: bf7c407c2cedff20999df2af8eb42d56 -> 
  custom:container-demuxer-ogg: 62fdf1f143b41e24485cea50d1cbac27 -> 
  custom:video-decoder-webm-vp8: 9c59270c3fd7afecdb556c50c9e8de78 -> 
  custom:audio-decoder-ogg-vorbis: bf7c407c2cedff20999df2af8eb42d56 -> 
========================================================================
Received Import Request.
  Time since last request: 429168.495529 seconds.
  path: Assets/Materials/Market.mat
  artifactKey: Guid(ec61b91b83a0a43f2a07eb4f3ca6d5c7) Importer(815301076,1909f56bfc062723c751e8b465ee728b)
Start importing Assets/Materials/Market.mat using Guid(ec61b91b83a0a43f2a07eb4f3ca6d5c7) Importer(815301076,1909f56bfc062723c751e8b465ee728b)  -> (artifact id: 'a747d4e01b0f061a3e294ac3ad09a0f4') in 0.390069 seconds 
========================================================================
Received Import Request.
  Time since last request: 0.000034 seconds.
  path: Assets/Materials/Road_1.mat
  artifactKey: Guid(d170ea8acda944beaa9168425e894c59) Importer(815301076,1909f56bfc062723c751e8b465ee728b)
Start importing Assets/Materials/Road_1.mat using Guid(d170ea8acda944beaa9168425e894c59) Importer(815301076,1909f56bfc062723c751e8b465ee728b)  -> (artifact id: '1399c4ac8748f87535b07175613044b6') in 0.005994 seconds 
========================================================================
Received Import Request.
  Time since last request: 681.394718 seconds.
  path: Assets/Prefabs/Water.prefab
  artifactKey: Guid(7d63e489d38d9784bafa793aebd7e622) Importer(815301076,1909f56bfc062723c751e8b465ee728b)
Start importing Assets/Prefabs/Water.prefab using Guid(7d63e489d38d9784bafa793aebd7e622) Importer(815301076,1909f56bfc062723c751e8b465ee728b)  -> (artifact id: '78d6d6523fcbff89b6b4f3e7025bd309') in 0.078842 seconds 
========================================================================
Received Import Request.
  Time since last request: 296.288212 seconds.
  path: Assets/Models/TrainTrack.obj
  artifactKey: Guid(012447051e718489fbfe98d1305ff63d) Importer(815301076,1909f56bfc062723c751e8b465ee728b)
Start importing Assets/Models/TrainTrack.obj using Guid(012447051e718489fbfe98d1305ff63d) Importer(815301076,1909f56bfc062723c751e8b465ee728b)  -> (artifact id: 'b00a49d72e4126758a821af0c2dc8911') in 0.187936 seconds 
========================================================================
Received Import Request.
  Time since last request: 140.670640 seconds.
  path: Assets/Models/TT.obj
  artifactKey: Guid(7a4821513860f43a4b3116f6836853eb) Importer(815301076,1909f56bfc062723c751e8b465ee728b)
Start importing Assets/Models/TT.obj using Guid(7a4821513860f43a4b3116f6836853eb) Importer(815301076,1909f56bfc062723c751e8b465ee728b)  -> (artifact id: 'e91dde59e9ad74cc7a793980d0fbd1dd') in 0.053672 seconds 
========================================================================
Received Import Request.
  Time since last request: 1202.845952 seconds.
  path: Assets/Materials/RR.mat
  artifactKey: Guid(c3d8cda0b6e0c496c992153273443d90) Importer(815301076,1909f56bfc062723c751e8b465ee728b)
Start importing Assets/Materials/RR.mat using Guid(c3d8cda0b6e0c496c992153273443d90) Importer(815301076,1909f56bfc062723c751e8b465ee728b)  -> (artifact id: 'a09b326e8b30647819eedd0a4bcace22') in 0.014033 seconds 
